2019/02/15 15:36:15.730 [I] [asm_amd64.s:1333]  http server Running on http://:8080
2019/02/15 15:36:58.471 [main.go:787]  [ORM] sqlE:/go_site/src/github.com/blog/liteblog/models/user.go:180sSELECT * FROM "users"  WHERE "users"."deleted_at" IS NULL AND ((email = ? and pwd = ?)) LIMIT 1[532889507@qq.com 123456@x] 1
2019/02/15 15:43:17.114 [I] [asm_amd64.s:1333]  http server Running on http://:8080
2019/02/15 15:53:29.421 [I] [asm_amd64.s:1333]  http server Running on http://:8080
2019/02/15 15:58:47.644 [main.go:787]  [ORM] sqlE:/go_site/src/github.com/blog/liteblog/models/user.go:181.0016msSELECT * FROM "users"  WHERE "users"."deleted_at" IS NULL AND ((email = ? and pwd = ?)) LIMIT 1[532889507@qq.com 123456@x] 1
2019/02/15 17:26:37.144 [I] [asm_amd64.s:1333]  http server Running on http://:8080
2019/02/15 17:28:07.848 [I] [asm_amd64.s:1333]  http server Running on http://:8080
2019/02/15 17:30:49.920 [I] [asm_amd64.s:1333]  http server Running on http://:8080
2019/02/15 17:31:09.794 [I] [asm_amd64.s:1333]  http server Running on http://:8080
2019/02/15 17:36:32.892 [I] [asm_amd64.s:1333]  http server Running on http://:8080
2019/02/15 17:36:46.607 [main.go:787]  [ORM] sqlE:/go_site/src/github.com/blog/liteblog/models/note.go:411.0001msSELECT * FROM "notes"  WHERE "notes"."deleted_at" IS NULL AND ((title like ?)) ORDER BY updated_at DESC LIMIT 10 OFFSET 0[%%] 0
2019/02/15 17:36:46.607 [main.go:787]  [ORM] sqlE:/go_site/src/github.com/blog/liteblog/models/note.go:450sSELECT count(*) FROM "notes"  WHERE "notes"."deleted_at" IS NULL AND ((title like ?))[%%] 0
2019/02/15 17:36:52.612 [main.go:787]  [ORM] logE:/go_site/src/github.com/blog/liteblog/models/message.go:20no such column: not_key
2019/02/15 17:36:52.612 [main.go:787]  [ORM] sqlE:/go_site/src/github.com/blog/liteblog/models/message.go:200sSELECT * FROM "messages"  WHERE "messages"."deleted_at" IS NULL AND ((not_key = ? )) ORDER BY updated_at desc LIMIT 1[] 0
2019/02/15 17:36:52.614 [E] [asm_amd64.s:522]  no such column: not_key no such column: not_key
2019/02/15 17:37:40.219 [main.go:787]  [ORM] sqlE:/go_site/src/github.com/blog/liteblog/models/user.go:180sSELECT * FROM "users"  WHERE "users"."deleted_at" IS NULL AND ((email = ? and pwd = ?)) LIMIT 1[532889507@qq.com 123456@x] 1
2019/02/15 17:37:40.543 [main.go:787]  [ORM] sqlE:/go_site/src/github.com/blog/liteblog/models/note.go:411.0005msSELECT * FROM "notes"  WHERE "notes"."deleted_at" IS NULL AND ((title like ?)) ORDER BY updated_at DESC LIMIT 10 OFFSET 0[%%] 0
2019/02/15 17:37:40.543 [main.go:787]  [ORM] sqlE:/go_site/src/github.com/blog/liteblog/models/note.go:450sSELECT count(*) FROM "notes"  WHERE "notes"."deleted_at" IS NULL AND ((title like ?))[%%] 0
2019/02/15 17:37:51.506 [main.go:787]  [ORM] sqlE:/go_site/src/github.com/blog/liteblog/models/note.go:41981µsSELECT * FROM "notes"  WHERE "notes"."deleted_at" IS NULL AND ((title like ?)) ORDER BY updated_at DESC LIMIT 10 OFFSET 0[%%] 0
2019/02/15 17:37:51.506 [main.go:787]  [ORM] sqlE:/go_site/src/github.com/blog/liteblog/models/note.go:450sSELECT count(*) FROM "notes"  WHERE "notes"."deleted_at" IS NULL AND ((title like ?))[%%] 0
2019/02/15 17:38:00.302 [main.go:787]  [ORM] logE:/go_site/src/github.com/blog/liteblog/models/message.go:20no such column: not_key
2019/02/15 17:38:00.302 [main.go:787]  [ORM] sqlE:/go_site/src/github.com/blog/liteblog/models/message.go:200sSELECT * FROM "messages"  WHERE "messages"."deleted_at" IS NULL AND ((not_key = ? )) ORDER BY updated_at desc LIMIT 1[] 0
2019/02/15 17:38:00.305 [E] [asm_amd64.s:522]  no such column: not_key no such column: not_key
2019/02/15 17:38:05.210 [main.go:787]  [ORM] sqlE:/go_site/src/github.com/blog/liteblog/models/note.go:410sSELECT * FROM "notes"  WHERE "notes"."deleted_at" IS NULL AND ((title like ?)) ORDER BY updated_at DESC LIMIT 10 OFFSET 0[%%] 0
2019/02/15 17:38:05.210 [main.go:787]  [ORM] sqlE:/go_site/src/github.com/blog/liteblog/models/note.go:450sSELECT count(*) FROM "notes"  WHERE "notes"."deleted_at" IS NULL AND ((title like ?))[%%] 0
2019/02/15 17:38:28.332 [main.go:787]  [ORM] sqlE:/go_site/src/github.com/blog/liteblog/models/note.go:41999.3µsSELECT * FROM "notes"  WHERE "notes"."deleted_at" IS NULL AND ((title like ?)) ORDER BY updated_at DESC LIMIT 10 OFFSET 0[%%] 0
2019/02/15 17:38:28.332 [main.go:787]  [ORM] sqlE:/go_site/src/github.com/blog/liteblog/models/note.go:450sSELECT count(*) FROM "notes"  WHERE "notes"."deleted_at" IS NULL AND ((title like ?))[%%] 0
2019/02/15 17:38:31.010 [main.go:787]  [ORM] sqlE:/go_site/src/github.com/blog/liteblog/models/note.go:410sSELECT * FROM "notes"  WHERE "notes"."deleted_at" IS NULL AND ((title like ?)) ORDER BY updated_at DESC LIMIT 10 OFFSET 0[%%] 0
2019/02/15 17:38:31.011 [main.go:787]  [ORM] sqlE:/go_site/src/github.com/blog/liteblog/models/note.go:451.0007msSELECT count(*) FROM "notes"  WHERE "notes"."deleted_at" IS NULL AND ((title like ?))[%%] 0
2019/02/15 17:38:34.187 [main.go:787]  [ORM] sqlE:/go_site/src/github.com/blog/liteblog/models/note.go:41971.3µsSELECT * FROM "notes"  WHERE "notes"."deleted_at" IS NULL AND ((title like ?)) ORDER BY updated_at DESC LIMIT 10 OFFSET 0[%%] 0
2019/02/15 17:38:34.187 [main.go:787]  [ORM] sqlE:/go_site/src/github.com/blog/liteblog/models/note.go:450sSELECT count(*) FROM "notes"  WHERE "notes"."deleted_at" IS NULL AND ((title like ?))[%%] 0
2019/02/15 17:38:45.961 [main.go:787]  [ORM] sqlE:/go_site/src/github.com/blog/liteblog/models/user.go:180sSELECT * FROM "users"  WHERE "users"."deleted_at" IS NULL AND ((email = ? and pwd = ?)) LIMIT 1[532889507@qq.com 123456@x] 1
2019/02/15 17:38:46.279 [main.go:787]  [ORM] sqlE:/go_site/src/github.com/blog/liteblog/models/note.go:410sSELECT * FROM "notes"  WHERE "notes"."deleted_at" IS NULL AND ((title like ?)) ORDER BY updated_at DESC LIMIT 10 OFFSET 0[%%] 0
2019/02/15 17:38:46.279 [main.go:787]  [ORM] sqlE:/go_site/src/github.com/blog/liteblog/models/note.go:450sSELECT count(*) FROM "notes"  WHERE "notes"."deleted_at" IS NULL AND ((title like ?))[%%] 0
2019/02/15 17:42:10.430 [I] [asm_amd64.s:1333]  http server Running on http://:8080
2019/02/15 17:42:12.669 [I] [asm_amd64.s:1333]  http server Running on http://:8080
2019/02/15 17:42:16.327 [main.go:787]  [ORM] sqlE:/go_site/src/github.com/blog/liteblog/models/note.go:41999.5µsSELECT * FROM "notes"  WHERE "notes"."deleted_at" IS NULL AND ((title like ?)) ORDER BY updated_at DESC LIMIT 10 OFFSET 0[%%] 0
2019/02/15 17:42:16.327 [main.go:787]  [ORM] sqlE:/go_site/src/github.com/blog/liteblog/models/note.go:450sSELECT count(*) FROM "notes"  WHERE "notes"."deleted_at" IS NULL AND ((title like ?))[%%] 0
2019/02/15 17:44:25.387 [main.go:787]  [ORM] sqlE:/go_site/src/github.com/blog/liteblog/models/note.go:410sSELECT * FROM "notes"  WHERE "notes"."deleted_at" IS NULL AND ((title like ?)) ORDER BY updated_at DESC LIMIT 10 OFFSET 0[%%] 0
2019/02/15 17:44:25.387 [main.go:787]  [ORM] sqlE:/go_site/src/github.com/blog/liteblog/models/note.go:450sSELECT count(*) FROM "notes"  WHERE "notes"."deleted_at" IS NULL AND ((title like ?))[%%] 0
2019/02/15 17:44:37.368 [main.go:787]  [ORM] sqlE:/go_site/src/github.com/blog/liteblog/models/user.go:180sSELECT * FROM "users"  WHERE "users"."deleted_at" IS NULL AND ((email = ? and pwd = ?)) LIMIT 1[532889507@qq.comn 123456@x] 0
2019/02/15 17:44:37.370 [E] [asm_amd64.s:522]  邮箱或者密码错误 record not found
2019/02/15 17:44:43.022 [main.go:787]  [ORM] sqlE:/go_site/src/github.com/blog/liteblog/models/user.go:180sSELECT * FROM "users"  WHERE "users"."deleted_at" IS NULL AND ((email = ? and pwd = ?)) LIMIT 1[532889507@qq.com 123456@x] 1
2019/02/15 17:44:43.343 [main.go:787]  [ORM] sqlE:/go_site/src/github.com/blog/liteblog/models/note.go:41997.5µsSELECT * FROM "notes"  WHERE "notes"."deleted_at" IS NULL AND ((title like ?)) ORDER BY updated_at DESC LIMIT 10 OFFSET 0[%%] 0
2019/02/15 17:44:43.343 [main.go:787]  [ORM] sqlE:/go_site/src/github.com/blog/liteblog/models/note.go:450sSELECT count(*) FROM "notes"  WHERE "notes"."deleted_at" IS NULL AND ((title like ?))[%%] 0
2019/02/15 17:44:51.427 [main.go:787]  [ORM] sqlE:/go_site/src/github.com/blog/liteblog/models/note.go:410sSELECT * FROM "notes"  WHERE "notes"."deleted_at" IS NULL AND ((title like ?)) ORDER BY updated_at DESC LIMIT 10 OFFSET 0[%%] 0
2019/02/15 17:44:51.427 [main.go:787]  [ORM] sqlE:/go_site/src/github.com/blog/liteblog/models/note.go:450sSELECT count(*) FROM "notes"  WHERE "notes"."deleted_at" IS NULL AND ((title like ?))[%%] 0
2019/02/15 17:45:08.209 [main.go:787]  [ORM] sqlE:/go_site/src/github.com/blog/liteblog/models/note.go:250sSELECT * FROM "notes"  WHERE "notes"."deleted_at" IS NULL AND ((`key` = ? and user_id = ?)) LIMIT 1[a16973c7-9737-4622-a478-9165d5dd9dd4 2] 0
2019/02/15 17:45:08.210 [main.go:787]  [ORM] sqlE:/go_site/src/github.com/blog/liteblog/models/note.go:491.0005msINSERT INTO "notes" ("created_at","updated_at","deleted_at","key","user_id","title","summary","content","source","editor","files") VALUES (?,?,?,?,?,?,?,?,?,?,?)[2019-02-15 17:45:08.2092112 +0800 CST m=+175.751709801 2019-02-15 17:45:08.2092112 +0800 CST m=+175.751709801 <nil> a16973c7-9737-4622-a478-9165d5dd9dd4 2 wawa afssfafs... <p>afssfafs</p>  default ] 1
2019/02/15 17:45:08.210 [main.go:787]  [ORM] sqlE:/go_site/src/github.com/blog/liteblog/models/note.go:490sSELECT "visit", "praise" FROM "notes"  WHERE (id = ?)[1] 1
2019/02/15 17:45:08.535 [main.go:787]  [ORM] sqlE:/go_site/src/github.com/blog/liteblog/models/note.go:29998.6µsSELECT * FROM "notes"  WHERE "notes"."deleted_at" IS NULL AND ((`key` = ? )) LIMIT 1[a16973c7-9737-4622-a478-9165d5dd9dd4] 1
2019/02/15 17:45:08.535 [main.go:787]  [ORM] logE:/go_site/src/github.com/blog/liteblog/models/message.go:20no such column: not_key
2019/02/15 17:45:08.535 [main.go:787]  [ORM] sqlE:/go_site/src/github.com/blog/liteblog/models/message.go:200sSELECT * FROM "messages"  WHERE "messages"."deleted_at" IS NULL AND ((not_key = ? )) ORDER BY updated_at desc LIMIT 1[a16973c7-9737-4622-a478-9165d5dd9dd4] 0
2019/02/15 17:45:08.542 [main.go:787]  [ORM] sqlE:/go_site/src/github.com/blog/liteblog/models/note.go:33985.9µsUPDATE "notes" SET "visit" = visit+1  WHERE "notes"."deleted_at" IS NULL AND ((`key` = ?))[a16973c7-9737-4622-a478-9165d5dd9dd4] 1
2019/02/15 17:45:10.859 [main.go:787]  [ORM] sqlE:/go_site/src/github.com/blog/liteblog/models/note.go:291.0017msSELECT * FROM "notes"  WHERE "notes"."deleted_at" IS NULL AND ((`key` = ? )) LIMIT 1[a16973c7-9737-4622-a478-9165d5dd9dd4] 1
2019/02/15 17:45:10.859 [main.go:787]  [ORM] logE:/go_site/src/github.com/blog/liteblog/models/message.go:20no such column: not_key
2019/02/15 17:45:10.859 [main.go:787]  [ORM] sqlE:/go_site/src/github.com/blog/liteblog/models/message.go:200sSELECT * FROM "messages"  WHERE "messages"."deleted_at" IS NULL AND ((not_key = ? )) ORDER BY updated_at desc LIMIT 1[a16973c7-9737-4622-a478-9165d5dd9dd4] 0
2019/02/15 17:45:10.864 [main.go:787]  [ORM] sqlE:/go_site/src/github.com/blog/liteblog/models/note.go:335.0037msUPDATE "notes" SET "visit" = visit+1  WHERE "notes"."deleted_at" IS NULL AND ((`key` = ?))[a16973c7-9737-4622-a478-9165d5dd9dd4] 1
2019/02/15 17:51:59.592 [main.go:787]  [ORM] sqlE:/go_site/src/github.com/blog/liteblog/models/note.go:290sSELECT * FROM "notes"  WHERE "notes"."deleted_at" IS NULL AND ((`key` = ? )) LIMIT 1[a16973c7-9737-4622-a478-9165d5dd9dd4] 1
2019/02/15 17:51:59.592 [main.go:787]  [ORM] logE:/go_site/src/github.com/blog/liteblog/models/message.go:20no such column: not_key
2019/02/15 17:51:59.592 [main.go:787]  [ORM] sqlE:/go_site/src/github.com/blog/liteblog/models/message.go:200sSELECT * FROM "messages"  WHERE "messages"."deleted_at" IS NULL AND ((not_key = ? )) ORDER BY updated_at desc LIMIT 1[a16973c7-9737-4622-a478-9165d5dd9dd4] 0
2019/02/15 17:51:59.593 [main.go:787]  [ORM] sqlE:/go_site/src/github.com/blog/liteblog/models/note.go:33999.9µsUPDATE "notes" SET "visit" = visit+1  WHERE "notes"."deleted_at" IS NULL AND ((`key` = ?))[a16973c7-9737-4622-a478-9165d5dd9dd4] 1
2019/02/15 17:52:01.132 [main.go:787]  [ORM] sqlE:/go_site/src/github.com/blog/liteblog/models/note.go:29950.6µsSELECT * FROM "notes"  WHERE "notes"."deleted_at" IS NULL AND ((`key` = ? )) LIMIT 1[a16973c7-9737-4622-a478-9165d5dd9dd4] 1
2019/02/15 17:52:01.132 [main.go:787]  [ORM] logE:/go_site/src/github.com/blog/liteblog/models/message.go:20no such column: not_key
2019/02/15 17:52:01.132 [main.go:787]  [ORM] sqlE:/go_site/src/github.com/blog/liteblog/models/message.go:200sSELECT * FROM "messages"  WHERE "messages"."deleted_at" IS NULL AND ((not_key = ? )) ORDER BY updated_at desc LIMIT 1[a16973c7-9737-4622-a478-9165d5dd9dd4] 0
2019/02/15 17:52:01.136 [main.go:787]  [ORM] sqlE:/go_site/src/github.com/blog/liteblog/models/note.go:332.9997msUPDATE "notes" SET "visit" = visit+1  WHERE "notes"."deleted_at" IS NULL AND ((`key` = ?))[a16973c7-9737-4622-a478-9165d5dd9dd4] 1
2019/02/15 17:52:02.004 [main.go:787]  [ORM] sqlE:/go_site/src/github.com/blog/liteblog/models/note.go:290sSELECT * FROM "notes"  WHERE "notes"."deleted_at" IS NULL AND ((`key` = ? )) LIMIT 1[a16973c7-9737-4622-a478-9165d5dd9dd4] 1
2019/02/15 17:52:02.004 [main.go:787]  [ORM] logE:/go_site/src/github.com/blog/liteblog/models/message.go:20no such column: not_key
2019/02/15 17:52:02.004 [main.go:787]  [ORM] sqlE:/go_site/src/github.com/blog/liteblog/models/message.go:200sSELECT * FROM "messages"  WHERE "messages"."deleted_at" IS NULL AND ((not_key = ? )) ORDER BY updated_at desc LIMIT 1[a16973c7-9737-4622-a478-9165d5dd9dd4] 0
2019/02/15 17:52:02.006 [main.go:787]  [ORM] sqlE:/go_site/src/github.com/blog/liteblog/models/note.go:332.002msUPDATE "notes" SET "visit" = visit+1  WHERE "notes"."deleted_at" IS NULL AND ((`key` = ?))[a16973c7-9737-4622-a478-9165d5dd9dd4] 1
2019/02/15 17:57:11.320 [main.go:787]  [ORM] sqlE:/go_site/src/github.com/blog/liteblog/models/note.go:410sSELECT * FROM "notes"  WHERE "notes"."deleted_at" IS NULL AND ((title like ?)) ORDER BY updated_at DESC LIMIT 10 OFFSET 0[%%] 1
2019/02/15 17:57:11.320 [main.go:787]  [ORM] sqlE:/go_site/src/github.com/blog/liteblog/models/note.go:450sSELECT count(*) FROM "notes"  WHERE "notes"."deleted_at" IS NULL AND ((title like ?))[%%] 0
2019/02/15 17:59:14.899 [main.go:787]  [ORM] sqlE:/go_site/src/github.com/blog/liteblog/models/note.go:29987.6µsSELECT * FROM "notes"  WHERE "notes"."deleted_at" IS NULL AND ((`key` = ? )) LIMIT 1[a16973c7-9737-4622-a478-9165d5dd9dd4] 1
2019/02/15 17:59:14.899 [main.go:787]  [ORM] logE:/go_site/src/github.com/blog/liteblog/models/message.go:20no such column: not_key
2019/02/15 17:59:14.899 [main.go:787]  [ORM] sqlE:/go_site/src/github.com/blog/liteblog/models/message.go:200sSELECT * FROM "messages"  WHERE "messages"."deleted_at" IS NULL AND ((not_key = ? )) ORDER BY updated_at desc LIMIT 1[a16973c7-9737-4622-a478-9165d5dd9dd4] 0
2019/02/15 17:59:14.900 [main.go:787]  [ORM] sqlE:/go_site/src/github.com/blog/liteblog/models/note.go:331.0015msUPDATE "notes" SET "visit" = visit+1  WHERE "notes"."deleted_at" IS NULL AND ((`key` = ?))[a16973c7-9737-4622-a478-9165d5dd9dd4] 1
2019/02/15 17:59:17.808 [main.go:787]  [ORM] sqlE:/go_site/src/github.com/blog/liteblog/models/note.go:290sSELECT * FROM "notes"  WHERE "notes"."deleted_at" IS NULL AND ((`key` = ? )) LIMIT 1[a16973c7-9737-4622-a478-9165d5dd9dd4] 1
2019/02/15 18:00:52.357 [I] [asm_amd64.s:1333]  http server Running on http://:8080
2019/02/15 18:00:54.730 [I] [asm_amd64.s:1333]  http server Running on http://:8080
2019/02/15 18:00:59.340 [main.go:787]  [ORM] sqlE:/go_site/src/github.com/blog/liteblog/models/note.go:290sSELECT * FROM "notes"  WHERE "notes"."deleted_at" IS NULL AND ((`key` = ? )) LIMIT 1[a16973c7-9737-4622-a478-9165d5dd9dd4] 1
2019/02/15 18:03:56.769 [main.go:787]  [ORM] sqlE:/go_site/src/github.com/blog/liteblog/models/note.go:410sSELECT * FROM "notes"  WHERE "notes"."deleted_at" IS NULL AND ((title like ?)) ORDER BY updated_at DESC LIMIT 10 OFFSET 0[%%] 1
2019/02/15 18:03:56.769 [main.go:787]  [ORM] sqlE:/go_site/src/github.com/blog/liteblog/models/note.go:450sSELECT count(*) FROM "notes"  WHERE "notes"."deleted_at" IS NULL AND ((title like ?))[%%] 0
2019/02/15 18:03:58.067 [main.go:787]  [ORM] sqlE:/go_site/src/github.com/blog/liteblog/models/message.go:200sSELECT * FROM "messages"  WHERE "messages"."deleted_at" IS NULL AND ((note_key = ? )) ORDER BY updated_at desc LIMIT 1[] 0
2019/02/15 18:05:16.475 [I] [asm_amd64.s:1333]  http server Running on http://:8080
2019/02/15 18:05:18.809 [I] [asm_amd64.s:1333]  http server Running on http://:8080
2019/02/15 18:05:21.822 [I] [asm_amd64.s:1333]  http server Running on http://:8080
2019/02/15 18:05:24.248 [I] [asm_amd64.s:1333]  http server Running on http://:8080
2019/02/15 18:05:26.322 [main.go:787]  [ORM] sqlE:/go_site/src/github.com/blog/liteblog/models/note.go:410sSELECT * FROM "notes"  WHERE "notes"."deleted_at" IS NULL AND ((title like ?)) ORDER BY updated_at DESC LIMIT 10 OFFSET 0[%%] 1
2019/02/15 18:05:26.324 [main.go:787]  [ORM] sqlE:/go_site/src/github.com/blog/liteblog/models/note.go:451.0025msSELECT count(*) FROM "notes"  WHERE "notes"."deleted_at" IS NULL AND ((title like ?))[%%] 0
2019/02/15 18:05:28.317 [main.go:787]  [ORM] sqlE:/go_site/src/github.com/blog/liteblog/models/note.go:290sSELECT * FROM "notes"  WHERE "notes"."deleted_at" IS NULL AND ((`key` = ? )) LIMIT 1[a16973c7-9737-4622-a478-9165d5dd9dd4] 1
2019/02/15 18:05:28.320 [main.go:787]  [ORM] sqlE:/go_site/src/github.com/blog/liteblog/models/praise.go:12999.9µsUPDATE "notes" SET "praise" = ?  WHERE "notes"."deleted_at" IS NULL AND ((id = ?))[1 1] 1
2019/02/15 18:05:28.320 [main.go:787]  [ORM] sqlE:/go_site/src/github.com/blog/liteblog/models/praise.go:160sSELECT * FROM "praise_logs"  WHERE "praise_logs"."deleted_at" IS NULL AND ((`key` = ? and user_id =? and type = ? )) LIMIT 1[a16973c7-9737-4622-a478-9165d5dd9dd4 2 note] 0
2019/02/15 18:05:28.320 [main.go:787]  [ORM] sqlE:/go_site/src/github.com/blog/liteblog/models/praise.go:200sINSERT INTO "praise_logs" ("created_at","updated_at","deleted_at","key","user_id","type","flag") VALUES (?,?,?,?,?,?,?)[2019-02-15 18:05:28.3200036 +0800 CST m=+4.331998701 2019-02-15 18:05:28.3200036 +0800 CST m=+4.331998701 <nil> a16973c7-9737-4622-a478-9165d5dd9dd4 2 note true] 1
2019/02/15 18:05:29.576 [main.go:787]  [ORM] sqlE:/go_site/src/github.com/blog/liteblog/models/note.go:29999.1µsSELECT * FROM "notes"  WHERE "notes"."deleted_at" IS NULL AND ((`key` = ? )) LIMIT 1[a16973c7-9737-4622-a478-9165d5dd9dd4] 1
2019/02/15 18:05:29.576 [main.go:787]  [ORM] sqlE:/go_site/src/github.com/blog/liteblog/models/message.go:200sSELECT * FROM "messages"  WHERE "messages"."deleted_at" IS NULL AND ((note_key = ? )) ORDER BY updated_at desc LIMIT 1[a16973c7-9737-4622-a478-9165d5dd9dd4] 0
2019/02/15 18:05:29.585 [main.go:787]  [ORM] sqlE:/go_site/src/github.com/blog/liteblog/models/note.go:331.0048msUPDATE "notes" SET "visit" = visit+1  WHERE "notes"."deleted_at" IS NULL AND ((`key` = ?))[a16973c7-9737-4622-a478-9165d5dd9dd4] 1
2019/02/15 18:05:31.532 [main.go:787]  [ORM] sqlE:/go_site/src/github.com/blog/liteblog/models/note.go:290sSELECT * FROM "notes"  WHERE "notes"."deleted_at" IS NULL AND ((`key` = ? )) LIMIT 1[a16973c7-9737-4622-a478-9165d5dd9dd4] 1
2019/02/15 18:05:33.980 [main.go:787]  [ORM] sqlE:/go_site/src/github.com/blog/liteblog/models/message.go:321.0001msUPDATE "users" SET "created_at" = ?, "updated_at" = ?, "deleted_at" = ?, "name" = ?, "email" = ?, "avatar" = ?, "pwd" = ?, "role" = ?, "editor" = ?  WHERE "users"."deleted_at" IS NULL AND "users"."id" = ?[2019-02-15 17:42:10.3085237 +0800 CST 2019-02-15 18:05:33.979001 +0800 CST m=+9.990996101 <nil> admin 532889507@qq.com /static/images/info-img.png 123456@x 0  2] 1
2019/02/15 18:05:33.981 [main.go:787]  [ORM] sqlE:/go_site/src/github.com/blog/liteblog/models/message.go:320sINSERT INTO "messages" ("created_at","updated_at","deleted_at","key","user_id","note_key","content") VALUES (?,?,?,?,?,?,?)[2019-02-15 18:05:33.9810016 +0800 CST m=+9.992996701 2019-02-15 18:05:33.9810016 +0800 CST m=+9.992996701 <nil> 1a9e3be2-4ac9-434b-a408-49c8fbf7f302 2 a16973c7-9737-4622-a478-9165d5dd9dd4 safafasf] 1
2019/02/15 18:05:33.981 [main.go:787]  [ORM] sqlE:/go_site/src/github.com/blog/liteblog/models/message.go:320sSELECT "praise" FROM "messages"  WHERE (id = ?)[1] 1
2019/02/15 18:05:34.314 [main.go:787]  [ORM] sqlE:/go_site/src/github.com/blog/liteblog/models/note.go:290sSELECT * FROM "notes"  WHERE "notes"."deleted_at" IS NULL AND ((`key` = ? )) LIMIT 1[a16973c7-9737-4622-a478-9165d5dd9dd4] 1
2019/02/15 18:05:34.314 [main.go:787]  [ORM] sqlE:/go_site/src/github.com/blog/liteblog/models/message.go:200sSELECT * FROM "messages"  WHERE "messages"."deleted_at" IS NULL AND ((note_key = ? )) ORDER BY updated_at desc LIMIT 1[a16973c7-9737-4622-a478-9165d5dd9dd4] 1
2019/02/15 18:05:34.315 [main.go:787]  [ORM] sqlE:/go_site/src/github.com/blog/liteblog/models/message.go:201.0013msSELECT * FROM "users"  WHERE "users"."deleted_at" IS NULL AND (("id" IN (?)))[2] 1
2019/02/15 18:05:34.315 [main.go:787]  [ORM] sqlE:/go_site/src/github.com/blog/liteblog/models/note.go:331.0013msUPDATE "notes" SET "visit" = visit+1  WHERE "notes"."deleted_at" IS NULL AND ((`key` = ?))[a16973c7-9737-4622-a478-9165d5dd9dd4] 1
2019/02/15 18:05:39.505 [main.go:787]  [ORM] sqlE:/go_site/src/github.com/blog/liteblog/models/note.go:410sSELECT * FROM "notes"  WHERE "notes"."deleted_at" IS NULL AND ((title like ?)) ORDER BY updated_at DESC LIMIT 10 OFFSET 0[%%] 1
2019/02/15 18:05:39.505 [main.go:787]  [ORM] sqlE:/go_site/src/github.com/blog/liteblog/models/note.go:450sSELECT count(*) FROM "notes"  WHERE "notes"."deleted_at" IS NULL AND ((title like ?))[%%] 0
